2022-11-06 04:40:38.095  INFO 70031 --- [SpringApplicationShutdownHook] j.LocalContainerEntityManagerFactoryBean : Closing JPA EntityManagerFactory for persistence unit 'default'
2022-11-06 04:40:38.205  INFO 70031 --- [SpringApplicationShutdownHook] com.zaxxer.hikari.HikariDataSource       : HikariPool-1 - Shutdown initiated...
2022-11-06 04:40:50.560  INFO 43653 --- [restartedMain] o.B.Challenge_4.Challenge4Application    : Starting Challenge4Application using Java 18.0.2 on MacBook-Air-M1.local with PID 43653 (/Users/ingwerludwig/DATA/College/INDEPENDENT STUDIES/GITHUB_VER/target/classes started by ingwerludwig in /Users/ingwerludwig/DATA/College/INDEPENDENT STUDIES/GITHUB_VER)
2022-11-06 04:40:50.561  INFO 43653 --- [restartedMain] o.B.Challenge_4.Challenge4Application    : No active profile set, falling back to 1 default profile: "default"
2022-11-06 04:40:50.594  INFO 43653 --- [restartedMain] .e.DevToolsPropertyDefaultsPostProcessor : Devtools property defaults active! Set 'spring.devtools.add-properties' to 'false' to disable
2022-11-06 04:40:50.594  INFO 43653 --- [restartedMain] .e.DevToolsPropertyDefaultsPostProcessor : For additional web related logging consider setting the 'logging.level.web' property to 'DEBUG'
2022-11-06 04:40:51.132  INFO 43653 --- [restartedMain] .s.d.r.c.RepositoryConfigurationDelegate : Bootstrapping Spring Data JPA repositories in DEFAULT mode.
2022-11-06 04:40:51.186  INFO 43653 --- [restartedMain] .s.d.r.c.RepositoryConfigurationDelegate : Finished Spring Data repository scanning in 47 ms. Found 5 JPA repository interfaces.
2022-11-06 04:40:51.755  INFO 43653 --- [restartedMain] o.s.b.w.embedded.tomcat.TomcatWebServer  : Tomcat initialized with port(s): 8004 (http)
2022-11-06 04:40:51.762  INFO 43653 --- [restartedMain] o.apache.catalina.core.StandardService   : Starting service [Tomcat]
2022-11-06 04:40:51.762  INFO 43653 --- [restartedMain] org.apache.catalina.core.StandardEngine  : Starting Servlet engine: [Apache Tomcat/9.0.65]
2022-11-06 04:40:51.823  INFO 43653 --- [restartedMain] o.a.c.c.C.[Tomcat].[localhost].[/]       : Initializing Spring embedded WebApplicationContext
2022-11-06 04:40:51.824  INFO 43653 --- [restartedMain] w.s.c.ServletWebServerApplicationContext : Root WebApplicationContext: initialization completed in 1230 ms
2022-11-06 04:40:51.942  INFO 43653 --- [restartedMain] o.hibernate.jpa.internal.util.LogHelper  : HHH000204: Processing PersistenceUnitInfo [name: default]
2022-11-06 04:40:51.975  INFO 43653 --- [restartedMain] org.hibernate.Version                    : HHH000412: Hibernate ORM core version 5.6.10.Final
2022-11-06 04:40:52.080  INFO 43653 --- [restartedMain] o.hibernate.annotations.common.Version   : HCANN000001: Hibernate Commons Annotations {5.1.2.Final}
2022-11-06 04:40:52.136  INFO 43653 --- [restartedMain] com.zaxxer.hikari.HikariDataSource       : HikariPool-1 - Starting...
2022-11-06 04:40:54.639  INFO 43653 --- [restartedMain] com.zaxxer.hikari.HikariDataSource       : HikariPool-1 - Start completed.
2022-11-06 04:40:54.660  INFO 43653 --- [restartedMain] org.hibernate.dialect.Dialect            : HHH000400: Using dialect: org.hibernate.dialect.PostgreSQLDialect
2022-11-06 04:40:58.923  INFO 43653 --- [restartedMain] o.h.e.t.j.p.i.JtaPlatformInitiator       : HHH000490: Using JtaPlatform implementation: [org.hibernate.engine.transaction.jta.platform.internal.NoJtaPlatform]
2022-11-06 04:40:58.933  INFO 43653 --- [restartedMain] j.LocalContainerEntityManagerFactoryBean : Initialized JPA EntityManagerFactory for persistence unit 'default'
2022-11-06 04:40:59.451  INFO 43653 --- [restartedMain] o.s.s.web.DefaultSecurityFilterChain     : Will secure any request with [org.springframework.security.web.session.DisableEncodeUrlFilter@1a78cb5b, org.springframework.security.web.context.request.async.WebAsyncManagerIntegrationFilter@2779781b, org.springframework.security.web.context.SecurityContextPersistenceFilter@16d92b22, org.springframework.security.web.header.HeaderWriterFilter@235c659c, org.springframework.security.web.csrf.CsrfFilter@54a408c4, org.springframework.security.web.authentication.logout.LogoutFilter@5a099ff0, org.springframework.security.oauth2.client.web.OAuth2AuthorizationRequestRedirectFilter@79989483, org.springframework.security.oauth2.client.web.OAuth2LoginAuthenticationFilter@7d9838d6, org.springframework.security.web.authentication.UsernamePasswordAuthenticationFilter@128617ae, org.springframework.security.web.authentication.ui.DefaultLoginPageGeneratingFilter@11b7e845, org.springframework.security.web.authentication.ui.DefaultLogoutPageGeneratingFilter@1b9baaaa, org.springframework.security.web.savedrequest.RequestCacheAwareFilter@68101d14, org.springframework.security.web.servletapi.SecurityContextHolderAwareRequestFilter@d9debb8, org.springframework.security.web.authentication.AnonymousAuthenticationFilter@7ede5e07, org.springframework.security.web.session.SessionManagementFilter@466351de, org.springframework.security.web.access.ExceptionTranslationFilter@5ce0107d, org.springframework.security.web.access.intercept.FilterSecurityInterceptor@880ad6]
2022-11-06 04:40:59.556  WARN 43653 --- [restartedMain] JpaBaseConfiguration$JpaWebConfiguration : spring.jpa.open-in-view is enabled by default. Therefore, database queries may be performed during view rendering. Explicitly configure spring.jpa.open-in-view to disable this warning
2022-11-06 04:41:00.231  INFO 43653 --- [restartedMain] o.s.b.d.a.OptionalLiveReloadServer       : LiveReload server is running on port 35729
2022-11-06 04:41:00.266  INFO 43653 --- [restartedMain] o.s.b.w.embedded.tomcat.TomcatWebServer  : Tomcat started on port(s): 8004 (http) with context path ''
2022-11-06 04:41:00.280  INFO 43653 --- [restartedMain] o.B.Challenge_4.Challenge4Application    : Started Challenge4Application in 10.018 seconds (JVM running for 10.932)
2022-11-06 04:41:33.555  INFO 43653 --- [http-nio-8004-exec-1] o.a.c.c.C.[Tomcat].[localhost].[/]       : Initializing Spring DispatcherServlet 'dispatcherServlet'
2022-11-06 04:41:33.556  INFO 43653 --- [http-nio-8004-exec-1] o.s.web.servlet.DispatcherServlet        : Initializing Servlet 'dispatcherServlet'
2022-11-06 04:41:33.561  INFO 43653 --- [http-nio-8004-exec-1] o.s.web.servlet.DispatcherServlet        : Completed initialization in 5 ms
2022-11-06 04:55:19.062  WARN 43653 --- [HikariPool-1 housekeeper] com.zaxxer.hikari.pool.HikariPool        : HikariPool-1 - Thread starvation or clock leap detected (housekeeper delta=10m24s359ms).
2022-11-06 05:29:43.723  WARN 43653 --- [HikariPool-1 housekeeper] com.zaxxer.hikari.pool.HikariPool        : HikariPool-1 - Thread starvation or clock leap detected (housekeeper delta=15m54s369ms).
2022-11-06 05:46:11.713  WARN 43653 --- [HikariPool-1 housekeeper] com.zaxxer.hikari.pool.HikariPool        : HikariPool-1 - Thread starvation or clock leap detected (housekeeper delta=16m27s990ms).
2022-11-06 06:16:18.093  WARN 43653 --- [HikariPool-1 housekeeper] com.zaxxer.hikari.pool.HikariPool        : HikariPool-1 - Thread starvation or clock leap detected (housekeeper delta=15m36s198ms).
2022-11-06 06:32:11.212  WARN 43653 --- [HikariPool-1 housekeeper] com.zaxxer.hikari.pool.HikariPool        : HikariPool-1 - Thread starvation or clock leap detected (housekeeper delta=14m53s100ms).
2022-11-06 06:48:52.006  WARN 43653 --- [HikariPool-1 housekeeper] com.zaxxer.hikari.pool.HikariPool        : HikariPool-1 - Thread starvation or clock leap detected (housekeeper delta=16m10s750ms).
2022-11-06 07:04:31.834  WARN 43653 --- [HikariPool-1 housekeeper] com.zaxxer.hikari.pool.HikariPool        : HikariPool-1 - Thread starvation or clock leap detected (housekeeper delta=1m9s526ms).
2022-11-06 07:07:31.775  WARN 43653 --- [HikariPool-1 housekeeper] com.zaxxer.hikari.pool.HikariPool        : HikariPool-1 - Thread starvation or clock leap detected (housekeeper delta=2m29s924ms).
2022-11-06 07:08:47.700  WARN 43653 --- [HikariPool-1 housekeeper] com.zaxxer.hikari.pool.HikariPool        : HikariPool-1 - Thread starvation or clock leap detected (housekeeper delta=1m15s927ms).
2022-11-06 07:14:45.649  WARN 43653 --- [HikariPool-1 housekeeper] com.zaxxer.hikari.pool.HikariPool        : HikariPool-1 - Thread starvation or clock leap detected (housekeeper delta=5m27s928ms).
2022-11-06 07:20:44.021  WARN 43653 --- [HikariPool-1 housekeeper] com.zaxxer.hikari.pool.HikariPool        : HikariPool-1 - Thread starvation or clock leap detected (housekeeper delta=5m28s358ms).
2022-11-06 07:26:42.015  WARN 43653 --- [HikariPool-1 housekeeper] com.zaxxer.hikari.pool.HikariPool        : HikariPool-1 - Thread starvation or clock leap detected (housekeeper delta=5m27s962ms).
2022-11-06 07:32:09.981  WARN 43653 --- [HikariPool-1 housekeeper] com.zaxxer.hikari.pool.HikariPool        : HikariPool-1 - Thread starvation or clock leap detected (housekeeper delta=5m27s966ms).
2022-11-06 07:38:07.946  WARN 43653 --- [HikariPool-1 housekeeper] com.zaxxer.hikari.pool.HikariPool        : HikariPool-1 - Thread starvation or clock leap detected (housekeeper delta=5m27s957ms).
2022-11-06 07:42:29.340  WARN 43653 --- [HikariPool-1 housekeeper] com.zaxxer.hikari.pool.HikariPool        : HikariPool-1 - Thread starvation or clock leap detected (housekeeper delta=4m21s395ms).
2022-11-06 07:48:27.698  WARN 43653 --- [HikariPool-1 housekeeper] com.zaxxer.hikari.pool.HikariPool        : HikariPool-1 - Thread starvation or clock leap detected (housekeeper delta=5m28s350ms).
2022-11-06 08:09:53.234  WARN 43653 --- [HikariPool-1 housekeeper] com.zaxxer.hikari.pool.HikariPool        : HikariPool-1 - Thread starvation or clock leap detected (housekeeper delta=6m55s334ms).
2022-11-06 12:37:11.584  INFO 43653 --- [SpringApplicationShutdownHook] j.LocalContainerEntityManagerFactoryBean : Closing JPA EntityManagerFactory for persistence unit 'default'
2022-11-06 12:37:11.638  INFO 43653 --- [SpringApplicationShutdownHook] com.zaxxer.hikari.HikariDataSource       : HikariPool-1 - Shutdown initiated...
2022-11-06 21:08:26.193  INFO 70481 --- [restartedMain] o.B.Challenge_4.Challenge4Application    : Starting Challenge4Application using Java 18.0.2 on MacBook-Air-M1.local with PID 70481 (/Users/ingwerludwig/DATA/College/INDEPENDENT STUDIES/GITHUB_VER/target/classes started by ingwerludwig in /Users/ingwerludwig/DATA/College/INDEPENDENT STUDIES/GITHUB_VER)
2022-11-06 21:08:26.195  INFO 70481 --- [restartedMain] o.B.Challenge_4.Challenge4Application    : No active profile set, falling back to 1 default profile: "default"
2022-11-06 21:08:26.612  INFO 70481 --- [restartedMain] .e.DevToolsPropertyDefaultsPostProcessor : Devtools property defaults active! Set 'spring.devtools.add-properties' to 'false' to disable
2022-11-06 21:08:26.612  INFO 70481 --- [restartedMain] .e.DevToolsPropertyDefaultsPostProcessor : For additional web related logging consider setting the 'logging.level.web' property to 'DEBUG'
2022-11-06 21:08:28.921  INFO 70481 --- [restartedMain] .s.d.r.c.RepositoryConfigurationDelegate : Bootstrapping Spring Data JPA repositories in DEFAULT mode.
2022-11-06 21:08:28.965  INFO 70481 --- [restartedMain] .s.d.r.c.RepositoryConfigurationDelegate : Finished Spring Data repository scanning in 37 ms. Found 5 JPA repository interfaces.
2022-11-06 21:08:29.921  INFO 70481 --- [restartedMain] o.s.b.w.embedded.tomcat.TomcatWebServer  : Tomcat initialized with port(s): 8004 (http)
2022-11-06 21:08:29.930  INFO 70481 --- [restartedMain] o.apache.catalina.core.StandardService   : Starting service [Tomcat]
2022-11-06 21:08:29.930  INFO 70481 --- [restartedMain] org.apache.catalina.core.StandardEngine  : Starting Servlet engine: [Apache Tomcat/9.0.65]
2022-11-06 21:08:30.006  INFO 70481 --- [restartedMain] o.a.c.c.C.[Tomcat].[localhost].[/]       : Initializing Spring embedded WebApplicationContext
2022-11-06 21:08:30.007  INFO 70481 --- [restartedMain] w.s.c.ServletWebServerApplicationContext : Root WebApplicationContext: initialization completed in 3393 ms
2022-11-06 21:08:30.167  INFO 70481 --- [restartedMain] o.hibernate.jpa.internal.util.LogHelper  : HHH000204: Processing PersistenceUnitInfo [name: default]
2022-11-06 21:08:30.239  INFO 70481 --- [restartedMain] org.hibernate.Version                    : HHH000412: Hibernate ORM core version 5.6.10.Final
2022-11-06 21:08:30.355  INFO 70481 --- [restartedMain] o.hibernate.annotations.common.Version   : HCANN000001: Hibernate Commons Annotations {5.1.2.Final}
2022-11-06 21:08:30.452  INFO 70481 --- [restartedMain] com.zaxxer.hikari.HikariDataSource       : HikariPool-1 - Starting...
2022-11-06 21:08:33.426  INFO 70481 --- [restartedMain] com.zaxxer.hikari.HikariDataSource       : HikariPool-1 - Start completed.
2022-11-06 21:08:33.448  INFO 70481 --- [restartedMain] org.hibernate.dialect.Dialect            : HHH000400: Using dialect: org.hibernate.dialect.PostgreSQLDialect
2022-11-06 21:08:39.446  INFO 70481 --- [restartedMain] o.h.e.t.j.p.i.JtaPlatformInitiator       : HHH000490: Using JtaPlatform implementation: [org.hibernate.engine.transaction.jta.platform.internal.NoJtaPlatform]
2022-11-06 21:08:39.464  INFO 70481 --- [restartedMain] j.LocalContainerEntityManagerFactoryBean : Initialized JPA EntityManagerFactory for persistence unit 'default'
2022-11-06 21:08:40.225  INFO 70481 --- [restartedMain] o.s.s.web.DefaultSecurityFilterChain     : Will secure any request with [org.springframework.security.web.session.DisableEncodeUrlFilter@652df18a, org.springframework.security.web.context.request.async.WebAsyncManagerIntegrationFilter@2f92fcf8, org.springframework.security.web.context.SecurityContextPersistenceFilter@6c91cad, org.springframework.security.web.header.HeaderWriterFilter@614976fa, org.springframework.security.web.csrf.CsrfFilter@1ab9572f, org.springframework.security.web.authentication.logout.LogoutFilter@3a6df928, org.springframework.security.oauth2.client.web.OAuth2AuthorizationRequestRedirectFilter@4d90fcb3, org.springframework.security.oauth2.client.web.OAuth2LoginAuthenticationFilter@67210234, org.springframework.security.web.authentication.UsernamePasswordAuthenticationFilter@5fbc4581, org.springframework.security.web.authentication.ui.DefaultLoginPageGeneratingFilter@2db9045c, org.springframework.security.web.authentication.ui.DefaultLogoutPageGeneratingFilter@404d6b9c, org.springframework.security.web.savedrequest.RequestCacheAwareFilter@41158336, org.springframework.security.web.servletapi.SecurityContextHolderAwareRequestFilter@1daefed1, org.springframework.security.web.authentication.AnonymousAuthenticationFilter@675a8d98, org.springframework.security.web.session.SessionManagementFilter@7f0d839a, org.springframework.security.web.access.ExceptionTranslationFilter@66582063, org.springframework.security.web.access.intercept.FilterSecurityInterceptor@7b518e0f]
2022-11-06 21:08:40.328  WARN 70481 --- [restartedMain] JpaBaseConfiguration$JpaWebConfiguration : spring.jpa.open-in-view is enabled by default. Therefore, database queries may be performed during view rendering. Explicitly configure spring.jpa.open-in-view to disable this warning
2022-11-06 21:08:41.279  INFO 70481 --- [restartedMain] o.s.b.d.a.OptionalLiveReloadServer       : LiveReload server is running on port 35729
2022-11-06 21:08:41.313  INFO 70481 --- [restartedMain] o.s.b.w.embedded.tomcat.TomcatWebServer  : Tomcat started on port(s): 8004 (http) with context path ''
2022-11-06 21:08:41.328  INFO 70481 --- [restartedMain] o.B.Challenge_4.Challenge4Application    : Started Challenge4Application in 16.422 seconds (JVM running for 18.151)
